<?xml version="1.0" encoding="UTF-8"?>
<!-- Generated by org.testng.reporters.JUnitReportReporter -->
<testsuite hostname="DESKTOP-6QJS72V" failures="0" tests="1" name="testcase.HomePageTest" time="2.480" errors="0" timestamp="2024-07-24T22:17:02 IST" skipped="0">
  <testcase classname="testcase.HomePageTest" name="ProductList" time="2.480"/>
</testsuite> <!-- testcase.HomePageTest -->
