<?xml version="1.0" encoding="UTF-8"?>
<!-- Generated by org.testng.reporters.JUnitReportReporter -->
<testsuite hostname="DESKTOP-6QJS72V" failures="0" tests="1" name="testcase.HomePageTest" time="1.770" errors="0" timestamp="2024-07-24T14:12:38 IST" skipped="0">
  <testcase classname="testcase.HomePageTest" name="ProductList" time="1.770"/>
</testsuite> <!-- testcase.HomePageTest -->
