<?xml version="1.0" encoding="UTF-8"?>
<!-- Generated by org.testng.reporters.JUnitReportReporter -->
<testsuite hostname="DESKTOP-6QJS72V" failures="0" tests="1" name="testcase.HomePageTest" time="3.994" errors="0" timestamp="2024-07-25T16:48:42 IST" skipped="0">
  <testcase classname="testcase.HomePageTest" name="ProductList" time="3.994"/>
</testsuite> <!-- testcase.HomePageTest -->
