<?xml version="1.0" encoding="UTF-8"?>
<!-- Generated by org.testng.reporters.JUnitReportReporter -->
<testsuite hostname="DESKTOP-6QJS72V" failures="0" tests="1" name="testcase.HomePageTest" time="10.624" errors="0" timestamp="2024-07-22T23:58:34 IST" skipped="0">
  <testcase classname="testcase.HomePageTest" name="ProductList" time="10.624"/>
</testsuite> <!-- testcase.HomePageTest -->
