<?xml version="1.0" encoding="UTF-8"?>
<!-- Generated by org.testng.reporters.JUnitReportReporter -->
<testsuite hostname="DESKTOP-6QJS72V" failures="0" tests="1" name="testcase.HomePageTest" time="3.322" errors="0" timestamp="2024-07-23T22:54:08 IST" skipped="0">
  <testcase classname="testcase.HomePageTest" name="ProductList" time="3.322"/>
</testsuite> <!-- testcase.HomePageTest -->
