<?xml version="1.0" encoding="UTF-8"?>
<!-- Generated by org.testng.reporters.JUnitReportReporter -->
<testsuite hostname="DESKTOP-6QJS72V" failures="0" tests="1" name="testcase.LoginpageTest" time="2.869" errors="0" timestamp="2024-07-24T14:12:38 IST" skipped="0">
  <testcase classname="testcase.LoginpageTest" name="login" time="2.869"/>
</testsuite> <!-- testcase.LoginpageTest -->
